  Machine Learning with RPS.vcxproj -> C:\Users\James\Documents\GitHub\Fireball-WIP\Debug\Machine Learning with RPS.exe

Project Performance Summary:
       34 ms  C:\Users\James\Documents\GitHub\Machine Learning with RPS\Machine Learning with RPS.vcxproj   1 calls
                 34 ms  LibLinkOnly                                1 calls

Target Performance Summary:
        0 ms  PrepareResourceNames                       1 calls
        0 ms  ComputeCLInputPDBName                      1 calls
        0 ms  ResolveAssemblyReferences                  1 calls
        0 ms  CreateCustomManifestResourceNames          1 calls
        0 ms  GetReferenceAssemblyPaths                  1 calls
        0 ms  LibLinkOnly                                1 calls
        0 ms  _SplitProjectReferencesByFileExistence     1 calls
        0 ms  _CheckForCompileOutputs                    1 calls
        0 ms  ResolveReferences                          1 calls
        0 ms  GetInstalledSDKLocations                   1 calls
        0 ms  ComputeManifestGeneratedLinkerInputs       1 calls
        0 ms  CreateSatelliteAssemblies                  1 calls
        0 ms  CopyFilesToOutputDirectory                 1 calls
        0 ms  ComputeRCOutputs                           1 calls
        0 ms  WarnCompileDuplicatedFilename              1 calls
        0 ms  ComputeManifestInputsTargets               1 calls
        0 ms  ResolvedXDCMake                            1 calls
        0 ms  ComputeLinkInputsFromProject               1 calls
        0 ms  _BscMake                                   1 calls
        0 ms  _GenerateSatelliteAssemblyInputs           1 calls
        0 ms  PostBuildEvent                             1 calls
        0 ms  MakeDirsForBscMake                         1 calls
        0 ms  ComputeRCGeneratedLinkInputs               1 calls
        0 ms  GetFrameworkPaths                          1 calls
        0 ms  _CopySourceItemsToOutputDirectory          1 calls
        0 ms  GetCopyToOutputDirectoryXamlAppDefs        1 calls
        0 ms  PreLinkEvent                               1 calls
        0 ms  _Deploy                                    1 calls
        0 ms  _Manifest                                  1 calls
        0 ms  MakeDirsForLink                            1 calls
        0 ms  ComputeLegacyManifestEmbedding             1 calls
        0 ms  ComputeLinkSwitches                        1 calls
        0 ms  ComputeCLGeneratedLinkInputs               1 calls
        0 ms  _ALink                                     1 calls
        0 ms  ResolveSDKReferences                       1 calls
        0 ms  ComputeCLCompileGeneratedXDCFiles          1 calls
        0 ms  _Appverifier                               1 calls
        0 ms  ExpandSDKReferences                        1 calls
        0 ms  _XdcMake                                   1 calls
        0 ms  PrepareForRun                              1 calls
        0 ms  ComputeReferenceCLInput                    1 calls
        0 ms  _PrepareForReferenceResolution             1 calls
        0 ms  BeforeResolveReferences                    1 calls
        0 ms  AfterResolveReferences                     1 calls
        0 ms  ComputeMIDLGeneratedCompileInputs          1 calls
        0 ms  AfterLink                                  1 calls
        0 ms  _Link                                      1 calls
        0 ms  BeforeLink                                 1 calls
        0 ms  MakeDirsForXdcMake                         1 calls
        0 ms  ComputeCLOutputs                           1 calls
        0 ms  ComputeCLCompileGeneratedSbrFiles          1 calls
        0 ms  PlatformPrepareForBuild                    1 calls
        1 ms  CustomBuildStep                            2 calls
        1 ms  AssignProjectConfiguration                 1 calls
        1 ms  AssignTargetPaths                          1 calls
        1 ms  GetCopyToOutputDirectoryItems              1 calls
        1 ms  ResolveProjectReferences                   1 calls
        1 ms  ComputeCustomBuildOutput                   1 calls
        1 ms  DoLinkOutputFilesMatch                     1 calls
        1 ms  GetResolvedWinMD                           1 calls
        1 ms  SplitResourcesByCulture                    1 calls
        1 ms  SetBuildDefaultEnvironmentVariables        1 calls
        3 ms  _CheckForInvalidConfigurationAndPlatform   1 calls
        3 ms  PrepareForBuild                            1 calls
        6 ms  Link                                       1 calls
        9 ms  SetCABuildNativeEnvironmentVariables       1 calls
